Plow corn fields.
Peas, lettuce, oats.
Walking cultivator in garden.
Wife and kids help out.
Jams, jellies, peas & lettuce to auction.
No action.
Beans, squash, tomatoes, beets, carrots.
Walking cultivator in garden, two-row, horse-drawn cultivator in fields.
Wife and kids help out in garden; neighbors help with oats and hay.
Peas, carrots, early beans, roma tomatoes to auction.
No action.
Late beans, squash, potatoes.
No action.
Wife and kids help out in garden; neighbors help with corn and hay.
Beans, squash, tomatoes to auction.
Plow under green manure.
Peas, lettuce.
Employ lots of interns with hoes.
Employ lots of interns and volunteers.
Fall garlic, peas & lettuce to farmer's market.
Plow fallow fields to prepare for fall cover crop.
Beans, squash, tomatoes, carrots, melons, 2nd round of peas and leafy greens.
Employ lots of interns with hoes.
Employ lots of interns and volunteers.
Peas, carrots, early beans, roma tomatoes to farmer's market.
No action.
Late beans, squash, potatoes, leafy greens.
No action.
Employ lots of interns and volunteers; u-pick for squash.
Beans, squash, tomatoes to farmer's market; big harvest party on farm.
Using no-till; no plowing.
No action.
No action.
Nothing to harvest.
Nothing to market.
No action.
Corn.
Spray.
Nothing to harvest.
Nothing to market.
No action.
No action.
No action.
Hire combine.
Feed corn to elevator.
Plow corn fields.
Peas, lettuce, oats.
Walking cultivator in garden.
Wife and kids help out.
Jams, jellies, peas & lettuce to auction.
No action.
Beans, squash, tomatoes, beets, carrots.
Walking cultivator in garden, two-row, horse-drawn cultivator in fields.
Wife and kids help out in garden; neighbors help with oats and hay.
Peas, carrots, early beans, roma tomatoes to auction.
No action.
Late beans, squash, potatoes.
No action.
Wife and kids help out in garden; neighbors help with corn and hay.
Beans, squash, tomatoes to auction.
Plow under green manure.
Peas, lettuce.
Employ lots of interns with hoes.
Employ lots of interns and volunteers.
Fall garlic, peas & lettuce to farmer's market.
Plow fallow fields to prepare for fall cover crop.
Beans, squash, tomatoes, carrots, melons, 2nd round of peas and leafy greens.
Employ lots of interns with hoes.
Employ lots of interns and volunteers.
Peas, carrots, early beans, roma tomatoes to farmer's market.
No action.
Late beans, squash, potatoes, leafy greens.
No action.
Employ lots of interns and volunteers; u-pick for squash.
Beans, squash, tomatoes to farmer's market; big harvest party on farm.
Using no-till; no plowing.
No action.
No action.
Nothing to harvest.
Nothing to market.
No action.
Corn.
Spray.
Nothing to harvest.
Nothing to market.
No action.
No action.
No action.
Hire combine.
Feed corn to elevator.
